e:\university\2020\further graphical concepts\blackboard code\dx11 framework 2020\dx11 framework 2018\debug\vc141.pdb
e:\university\2020\further graphical concepts\blackboard code\dx11 framework 2020\dx11 framework 2018\debug\vc141.idb
e:\university\2020\further graphical concepts\blackboard code\dx11 framework 2020\dx11 framework 2018\debug\application.sbr
e:\university\2020\further graphical concepts\blackboard code\dx11 framework 2020\dx11 framework 2018\debug\billboard.sbr
e:\university\2020\further graphical concepts\blackboard code\dx11 framework 2020\dx11 framework 2018\debug\camera.sbr
e:\university\2020\further graphical concepts\blackboard code\dx11 framework 2020\dx11 framework 2018\debug\cube.sbr
e:\university\2020\further graphical concepts\blackboard code\dx11 framework 2020\dx11 framework 2018\debug\ddstextureloader.sbr
e:\university\2020\further graphical concepts\blackboard code\dx11 framework 2020\dx11 framework 2018\debug\dx11 framework.sbr
e:\university\2020\further graphical concepts\blackboard code\dx11 framework 2020\dx11 framework 2018\debug\flotilla.sbr
e:\university\2020\further graphical concepts\blackboard code\dx11 framework 2020\dx11 framework 2018\debug\ground.sbr
e:\university\2020\further graphical concepts\blackboard code\dx11 framework 2020\dx11 framework 2018\debug\imaginaryobject.sbr
e:\university\2020\further graphical concepts\blackboard code\dx11 framework 2020\dx11 framework 2018\debug\keyboardinput.sbr
e:\university\2020\further graphical concepts\blackboard code\dx11 framework 2020\dx11 framework 2018\debug\loader.sbr
e:\university\2020\further graphical concepts\blackboard code\dx11 framework 2020\dx11 framework 2018\debug\mouseinput.sbr
e:\university\2020\further graphical concepts\blackboard code\dx11 framework 2020\dx11 framework 2018\debug\object.sbr
e:\university\2020\further graphical concepts\blackboard code\dx11 framework 2020\dx11 framework 2018\debug\objectcontroller.sbr
e:\university\2020\further graphical concepts\blackboard code\dx11 framework 2020\dx11 framework 2018\debug\objloader.sbr
e:\university\2020\further graphical concepts\blackboard code\dx11 framework 2020\dx11 framework 2018\debug\physicalobject.sbr
e:\university\2020\further graphical concepts\blackboard code\dx11 framework 2020\dx11 framework 2018\debug\plane.sbr
e:\university\2020\further graphical concepts\blackboard code\dx11 framework 2020\dx11 framework 2018\debug\player.sbr
e:\university\2020\further graphical concepts\blackboard code\dx11 framework 2020\dx11 framework 2018\debug\system.sbr
e:\university\2020\further graphical concepts\blackboard code\dx11 framework 2020\dx11 framework 2018\debug\window.sbr
e:\university\2020\further graphical concepts\blackboard code\dx11 framework 2020\dx11 framework 2018\debug\window.obj
e:\university\2020\further graphical concepts\blackboard code\dx11 framework 2020\dx11 framework 2018\debug\system.obj
e:\university\2020\further graphical concepts\blackboard code\dx11 framework 2020\dx11 framework 2018\debug\player.obj
e:\university\2020\further graphical concepts\blackboard code\dx11 framework 2020\dx11 framework 2018\debug\plane.obj
e:\university\2020\further graphical concepts\blackboard code\dx11 framework 2020\dx11 framework 2018\debug\physicalobject.obj
e:\university\2020\further graphical concepts\blackboard code\dx11 framework 2020\dx11 framework 2018\debug\objloader.obj
e:\university\2020\further graphical concepts\blackboard code\dx11 framework 2020\dx11 framework 2018\debug\objectcontroller.obj
e:\university\2020\further graphical concepts\blackboard code\dx11 framework 2020\dx11 framework 2018\debug\object.obj
e:\university\2020\further graphical concepts\blackboard code\dx11 framework 2020\dx11 framework 2018\debug\mouseinput.obj
e:\university\2020\further graphical concepts\blackboard code\dx11 framework 2020\dx11 framework 2018\debug\loader.obj
e:\university\2020\further graphical concepts\blackboard code\dx11 framework 2020\dx11 framework 2018\debug\keyboardinput.obj
e:\university\2020\further graphical concepts\blackboard code\dx11 framework 2020\dx11 framework 2018\debug\imaginaryobject.obj
e:\university\2020\further graphical concepts\blackboard code\dx11 framework 2020\dx11 framework 2018\debug\ground.obj
e:\university\2020\further graphical concepts\blackboard code\dx11 framework 2020\dx11 framework 2018\debug\flotilla.obj
e:\university\2020\further graphical concepts\blackboard code\dx11 framework 2020\dx11 framework 2018\debug\dx11 framework.obj
e:\university\2020\further graphical concepts\blackboard code\dx11 framework 2020\dx11 framework 2018\debug\ddstextureloader.obj
e:\university\2020\further graphical concepts\blackboard code\dx11 framework 2020\dx11 framework 2018\debug\cube.obj
e:\university\2020\further graphical concepts\blackboard code\dx11 framework 2020\dx11 framework 2018\debug\camera.obj
e:\university\2020\further graphical concepts\blackboard code\dx11 framework 2020\dx11 framework 2018\debug\billboard.obj
e:\university\2020\further graphical concepts\blackboard code\dx11 framework 2020\dx11 framework 2018\debug\application.obj
e:\university\2020\further graphical concepts\blackboard code\dx11 framework 2020\dx11 framework 2018\debug\vcpkg.applocal.log
e:\university\2020\further graphical concepts\blackboard code\dx11 framework 2020\dx11 framework 2018\debug\dx11 framework.exe
e:\university\2020\further graphical concepts\blackboard code\dx11 framework 2020\dx11 framework 2018\debug\dx11 framework.ilk
e:\university\2020\further graphical concepts\blackboard code\dx11 framework 2020\dx11 framework 2018\debug\dx11 framework.pdb
e:\university\2020\further graphical concepts\blackboard code\dx11 framework 2020\dx11 framework 2018\debug\dx11 framework.res
e:\university\2020\further graphical concepts\blackboard code\dx11 framework 2020\dx11 framework 2018\debug\dx11 framework.bsc
e:\university\2020\further graphical concepts\blackboard code\dx11 framework 2020\dx11 framework 2018\debug\dx11 framework.tlog\bscmake.command.1.tlog
e:\university\2020\further graphical concepts\blackboard code\dx11 framework 2020\dx11 framework 2018\debug\dx11 framework.tlog\bscmake.read.1.tlog
e:\university\2020\further graphical concepts\blackboard code\dx11 framework 2020\dx11 framework 2018\debug\dx11 framework.tlog\cl.command.1.tlog
e:\university\2020\further graphical concepts\blackboard code\dx11 framework 2020\dx11 framework 2018\debug\dx11 framework.tlog\cl.read.1.tlog
e:\university\2020\further graphical concepts\blackboard code\dx11 framework 2020\dx11 framework 2018\debug\dx11 framework.tlog\cl.write.1.tlog
e:\university\2020\further graphical concepts\blackboard code\dx11 framework 2020\dx11 framework 2018\debug\dx11 framework.tlog\dx11 framework.write.1u.tlog
e:\university\2020\further graphical concepts\blackboard code\dx11 framework 2020\dx11 framework 2018\debug\dx11 framework.tlog\fxc.command.1.tlog
e:\university\2020\further graphical concepts\blackboard code\dx11 framework 2020\dx11 framework 2018\debug\dx11 framework.tlog\fxc.read.1.tlog
e:\university\2020\further graphical concepts\blackboard code\dx11 framework 2020\dx11 framework 2018\debug\dx11 framework.tlog\link.command.1.tlog
e:\university\2020\further graphical concepts\blackboard code\dx11 framework 2020\dx11 framework 2018\debug\dx11 framework.tlog\link.read.1.tlog
e:\university\2020\further graphical concepts\blackboard code\dx11 framework 2020\dx11 framework 2018\debug\dx11 framework.tlog\link.write.1.tlog
e:\university\2020\further graphical concepts\blackboard code\dx11 framework 2020\dx11 framework 2018\debug\dx11 framework.tlog\rc.command.1.tlog
e:\university\2020\further graphical concepts\blackboard code\dx11 framework 2020\dx11 framework 2018\debug\dx11 framework.tlog\rc.read.1.tlog
e:\university\2020\further graphical concepts\blackboard code\dx11 framework 2020\dx11 framework 2018\debug\dx11 framework.tlog\rc.write.1.tlog
